<?xml version="1.0" encoding="UTF-8"?>
<!-- Generated by org.testng.reporters.JUnitXMLReporter -->
<testsuite hostname="GOLDHOUSE-PC" name="Default test(failed)" tests="1" failures="1" timestamp="21 May 2016 04:21:57 GMT" time="35.756" errors="0">
  <testcase name="yahooClickSignInTest" time="17.332" classname="com.yahoo.login.tests.yahoologin.YahooLogInTest">
    <failure type="org.openqa.selenium.NoSuchElementException" message="Unable to locate element: {&amp;quot;method&amp;quot;:&amp;quot;xpath&amp;quot;,&amp;quot;selector&amp;quot;:&amp;quot;//em[contains(text(),&amp;apos;Sign In&amp;apos;)]&amp;quot;}
Command duration or timeout: 473 milliseconds
For documentation on this error, please visit: http://seleniumhq.org/exceptions/no_such_element.html
Build info: version: &amp;apos;2.47.1&amp;apos;, revision: &amp;apos;unknown&amp;apos;, time: &amp;apos;2015-07-30 11:02:44&amp;apos;
System info: host: &amp;apos;GOLDHOUSE-PC&amp;apos;, ip: &amp;apos;192.168.0.2&amp;apos;, os.name: &amp;apos;Windows Vista&amp;apos;, os.arch: &amp;apos;x86&amp;apos;, os.version: &amp;apos;6.0&amp;apos;, java.version: &amp;apos;1.7.0_40&amp;apos;
*** Element info: {Using=xpath, value=//em[contains(text(),&amp;apos;Sign In&amp;apos;)]}
Session ID: f36de3e3-9ccd-4962-bb85-ff12faad38f0
Driver info: org.openqa.selenium.firefox.FirefoxDriver
Capabilities [{platform=WINDOWS, acceptSslCerts=true, javascriptEnabled=true, cssSelectorsEnabled=true, databaseEnabled=true, browserName=firefox, handlesAlerts=true, nativeEvents=false, webStorageEnabled=true, rotatable=false, locationContextEnabled=true, applicationCacheEnabled=true, takesScreenshot=true, version=41.0.1}]">
      <![CDATA[org.openqa.selenium.NoSuchElementException: Unable to locate element: {"method":"xpath","selector":"//em[contains(text(),'Sign In')]"}
Command duration or timeout: 473 milliseconds
For documentation on this error, please visit: http://seleniumhq.org/exceptions/no_such_element.html
Build info: version: '2.47.1', revision: 'unknown', time: '2015-07-30 11:02:44'
System info: host: 'GOLDHOUSE-PC', ip: '192.168.0.2', os.name: 'Windows Vista', os.arch: 'x86', os.version: '6.0', java.version: '1.7.0_40'
*** Element info: {Using=xpath, value=//em[contains(text(),'Sign In')]}
Session ID: f36de3e3-9ccd-4962-bb85-ff12faad38f0
Driver info: org.openqa.selenium.firefox.FirefoxDriver
Capabilities [{platform=WINDOWS, acceptSslCerts=true, javascriptEnabled=true, cssSelectorsEnabled=true, databaseEnabled=true, browserName=firefox, handlesAlerts=true, nativeEvents=false, webStorageEnabled=true, rotatable=false, locationContextEnabled=true, applicationCacheEnabled=true, takesScreenshot=true, version=41.0.1}]
	at org.openqa.selenium.remote.ErrorHandler.createThrowable(ErrorHandler.java:206)
	at org.openqa.selenium.remote.ErrorHandler.throwIfResponseFailed(ErrorHandler.java:158)
	at org.openqa.selenium.remote.RemoteWebDriver.execute(RemoteWebDriver.java:595)
	at org.openqa.selenium.remote.RemoteWebDriver.findElement(RemoteWebDriver.java:348)
	at org.openqa.selenium.remote.RemoteWebDriver.findElementByXPath(RemoteWebDriver.java:445)
	at org.openqa.selenium.By$ByXPath.findElement(By.java:358)
	at org.openqa.selenium.remote.RemoteWebDriver.findElement(RemoteWebDriver.java:340)
	at org.openqa.selenium.support.pagefactory.DefaultElementLocator.findElement(DefaultElementLocator.java:69)
	at org.openqa.selenium.support.pagefactory.internal.LocatingElementHandler.invoke(LocatingElementHandler.java:38)
	at com.sun.proxy.$Proxy12.click(Unknown Source)
	at com.yahoo.login.tests.pages.YahooLoginPage.signin(YahooLoginPage.java:59)
	at com.yahoo.login.tests.yahoologin.YahooLogInTest.yahooClickSignInTest(YahooLogInTest.java:32)
Caused by: org.openqa.selenium.NoSuchElementException: Unable to locate element: {"method":"xpath","selector":"//em[contains(text(),'Sign In')]"}
For documentation on this error, please visit: http://seleniumhq.org/exceptions/no_such_element.html
Build info: version: '2.47.1', revision: 'unknown', time: '2015-07-30 11:02:44'
System info: host: 'GOLDHOUSE-PC', ip: '192.168.0.2', os.name: 'Windows Vista', os.arch: 'x86', os.version: '6.0', java.version: '1.7.0_40'
Driver info: driver.version: unknown
	at <anonymous class>.FirefoxDriver.prototype.findElementInternal_(file:///C:/Users/BROWNH~1/AppData/Local/Temp/anonymous5815703440880926825webdriver-profile/extensions/fxdriver@googlecode.com/components/driver-component.js:10667)
	at <anonymous class>.FirefoxDriver.prototype.findElement(file:///C:/Users/BROWNH~1/AppData/Local/Temp/anonymous5815703440880926825webdriver-profile/extensions/fxdriver@googlecode.com/components/driver-component.js:10676)
	at <anonymous class>.DelayedCommand.prototype.executeInternal_/h(file:///C:/Users/BROWNH~1/AppData/Local/Temp/anonymous5815703440880926825webdriver-profile/extensions/fxdriver@googlecode.com/components/command-processor.js:12643)
	at <anonymous class>.DelayedCommand.prototype.executeInternal_(file:///C:/Users/BROWNH~1/AppData/Local/Temp/anonymous5815703440880926825webdriver-profile/extensions/fxdriver@googlecode.com/components/command-processor.js:12648)
	at <anonymous class>.DelayedCommand.prototype.execute/<(file:///C:/Users/BROWNH~1/AppData/Local/Temp/anonymous5815703440880926825webdriver-profile/extensions/fxdriver@googlecode.com/components/command-processor.js:12590)
... Removed 28 stack frames]]>
    </failure>
  </testcase> <!-- yahooClickSignInTest -->
</testsuite> <!-- Default test(failed) -->
