<?xml version="1.0" encoding="UTF-8"?>
<testng-results skipped="0" failed="1" total="1" passed="0">
  <reporter-output>
    <line>
      <![CDATA[Browser Opened]]>
    </line>
  </reporter-output>
  <suite name="Failed suite [Default suite]" duration-ms="35756" started-at="2016-05-21T04:21:21Z" finished-at="2016-05-21T04:21:57Z">
    <groups>
    </groups>
    <test name="Default test(failed)" duration-ms="35756" started-at="2016-05-21T04:21:21Z" finished-at="2016-05-21T04:21:57Z">
      <class name="com.yahoo.login.tests.yahoologin.YahooLogInTest">
        <test-method status="PASS" signature="before()[pri:0, instance:com.yahoo.login.tests.yahoologin.YahooLogInTest@1330af4]" name="before" is-config="true" duration-ms="15726" started-at="2016-05-20T21:21:21Z" finished-at="2016-05-20T21:21:37Z">
          <reporter-output>
          </reporter-output>
        </test-method> <!-- before -->
        <test-method status="FAIL" signature="yahooClickSignInTest()[pri:0, instance:com.yahoo.login.tests.yahoologin.YahooLogInTest@1330af4]" name="yahooClickSignInTest" duration-ms="17332" started-at="2016-05-20T21:21:37Z" finished-at="2016-05-20T21:21:54Z">
          <exception class="org.openqa.selenium.NoSuchElementException">
            <message>
              <![CDATA[Unable to locate element: {"method":"xpath","selector":"//em[contains(text(),'Sign In')]"}
Command duration or timeout: 473 milliseconds
For documentation on this error, please visit: http://seleniumhq.org/exceptions/no_such_element.html
Build info: version: '2.47.1', revision: 'unknown', time: '2015-07-30 11:02:44'
System info: host: 'GOLDHOUSE-PC', ip: '192.168.0.2', os.name: 'Windows Vista', os.arch: 'x86', os.version: '6.0', java.version: '1.7.0_40'
*** Element info: {Using=xpath, value=//em[contains(text(),'Sign In')]}
Session ID: f36de3e3-9ccd-4962-bb85-ff12faad38f0
Driver info: org.openqa.selenium.firefox.FirefoxDriver
Capabilities [{platform=WINDOWS, acceptSslCerts=true, javascriptEnabled=true, cssSelectorsEnabled=true, databaseEnabled=true, browserName=firefox, handlesAlerts=true, nativeEvents=false, webStorageEnabled=true, rotatable=false, locationContextEnabled=true, applicationCacheEnabled=true, takesScreenshot=true, version=41.0.1}]]]>
            </message>
            <full-stacktrace>
              <![CDATA[org.openqa.selenium.NoSuchElementException: Unable to locate element: {"method":"xpath","selector":"//em[contains(text(),'Sign In')]"}
Command duration or timeout: 473 milliseconds
For documentation on this error, please visit: http://seleniumhq.org/exceptions/no_such_element.html
Build info: version: '2.47.1', revision: 'unknown', time: '2015-07-30 11:02:44'
System info: host: 'GOLDHOUSE-PC', ip: '192.168.0.2', os.name: 'Windows Vista', os.arch: 'x86', os.version: '6.0', java.version: '1.7.0_40'
*** Element info: {Using=xpath, value=//em[contains(text(),'Sign In')]}
Session ID: f36de3e3-9ccd-4962-bb85-ff12faad38f0
Driver info: org.openqa.selenium.firefox.FirefoxDriver
Capabilities [{platform=WINDOWS, acceptSslCerts=true, javascriptEnabled=true, cssSelectorsEnabled=true, databaseEnabled=true, browserName=firefox, handlesAlerts=true, nativeEvents=false, webStorageEnabled=true, rotatable=false, locationContextEnabled=true, applicationCacheEnabled=true, takesScreenshot=true, version=41.0.1}]
	at sun.reflect.NativeConstructorAccessorImpl.newInstance0(Native Method)
	at sun.reflect.NativeConstructorAccessorImpl.newInstance(Unknown Source)
	at sun.reflect.DelegatingConstructorAccessorImpl.newInstance(Unknown Source)
	at java.lang.reflect.Constructor.newInstance(Unknown Source)
	at org.openqa.selenium.remote.ErrorHandler.createThrowable(ErrorHandler.java:206)
	at org.openqa.selenium.remote.ErrorHandler.throwIfResponseFailed(ErrorHandler.java:158)
	at org.openqa.selenium.remote.RemoteWebDriver.execute(RemoteWebDriver.java:595)
	at org.openqa.selenium.remote.RemoteWebDriver.findElement(RemoteWebDriver.java:348)
	at org.openqa.selenium.remote.RemoteWebDriver.findElementByXPath(RemoteWebDriver.java:445)
	at org.openqa.selenium.By$ByXPath.findElement(By.java:358)
	at org.openqa.selenium.remote.RemoteWebDriver.findElement(RemoteWebDriver.java:340)
	at org.openqa.selenium.support.pagefactory.DefaultElementLocator.findElement(DefaultElementLocator.java:69)
	at org.openqa.selenium.support.pagefactory.internal.LocatingElementHandler.invoke(LocatingElementHandler.java:38)
	at com.sun.proxy.$Proxy12.click(Unknown Source)
	at com.yahoo.login.tests.pages.YahooLoginPage.signin(YahooLoginPage.java:59)
	at com.yahoo.login.tests.yahoologin.YahooLogInTest.yahooClickSignInTest(YahooLogInTest.java:32)
	at sun.reflect.NativeMethodAccessorImpl.invoke0(Native Method)
	at sun.reflect.NativeMethodAccessorImpl.invoke(Unknown Source)
	at sun.reflect.DelegatingMethodAccessorImpl.invoke(Unknown Source)
	at java.lang.reflect.Method.invoke(Unknown Source)
	at org.testng.internal.MethodInvocationHelper.invokeMethod(MethodInvocationHelper.java:84)
	at org.testng.internal.Invoker.invokeMethod(Invoker.java:714)
	at org.testng.internal.Invoker.invokeTestMethod(Invoker.java:901)
	at org.testng.internal.Invoker.invokeTestMethods(Invoker.java:1231)
	at org.testng.internal.TestMethodWorker.invokeTestMethods(TestMethodWorker.java:127)
	at org.testng.internal.TestMethodWorker.run(TestMethodWorker.java:111)
	at org.testng.TestRunner.privateRun(TestRunner.java:767)
	at org.testng.TestRunner.run(TestRunner.java:617)
	at org.testng.SuiteRunner.runTest(SuiteRunner.java:335)
	at org.testng.SuiteRunner.runSequentially(SuiteRunner.java:330)
	at org.testng.SuiteRunner.privateRun(SuiteRunner.java:291)
	at org.testng.SuiteRunner.run(SuiteRunner.java:240)
	at org.testng.SuiteRunnerWorker.runSuite(SuiteRunnerWorker.java:52)
	at org.testng.SuiteRunnerWorker.run(SuiteRunnerWorker.java:86)
	at org.testng.TestNG.runSuitesSequentially(TestNG.java:1224)
	at org.testng.TestNG.runSuitesLocally(TestNG.java:1149)
	at org.testng.TestNG.run(TestNG.java:1057)
	at org.testng.remote.RemoteTestNG.run(RemoteTestNG.java:111)
	at org.testng.remote.RemoteTestNG.initAndRun(RemoteTestNG.java:204)
	at org.testng.remote.RemoteTestNG.main(RemoteTestNG.java:175)
Caused by: org.openqa.selenium.NoSuchElementException: Unable to locate element: {"method":"xpath","selector":"//em[contains(text(),'Sign In')]"}
For documentation on this error, please visit: http://seleniumhq.org/exceptions/no_such_element.html
Build info: version: '2.47.1', revision: 'unknown', time: '2015-07-30 11:02:44'
System info: host: 'GOLDHOUSE-PC', ip: '192.168.0.2', os.name: 'Windows Vista', os.arch: 'x86', os.version: '6.0', java.version: '1.7.0_40'
Driver info: driver.version: unknown
	at <anonymous class>.FirefoxDriver.prototype.findElementInternal_(file:///C:/Users/BROWNH~1/AppData/Local/Temp/anonymous5815703440880926825webdriver-profile/extensions/fxdriver@googlecode.com/components/driver-component.js:10667)
	at <anonymous class>.FirefoxDriver.prototype.findElement(file:///C:/Users/BROWNH~1/AppData/Local/Temp/anonymous5815703440880926825webdriver-profile/extensions/fxdriver@googlecode.com/components/driver-component.js:10676)
	at <anonymous class>.DelayedCommand.prototype.executeInternal_/h(file:///C:/Users/BROWNH~1/AppData/Local/Temp/anonymous5815703440880926825webdriver-profile/extensions/fxdriver@googlecode.com/components/command-processor.js:12643)
	at <anonymous class>.DelayedCommand.prototype.executeInternal_(file:///C:/Users/BROWNH~1/AppData/Local/Temp/anonymous5815703440880926825webdriver-profile/extensions/fxdriver@googlecode.com/components/command-processor.js:12648)
	at <anonymous class>.DelayedCommand.prototype.execute/<(file:///C:/Users/BROWNH~1/AppData/Local/Temp/anonymous5815703440880926825webdriver-profile/extensions/fxdriver@googlecode.com/components/command-processor.js:12590)
]]>
            </full-stacktrace>
          </exception> <!-- org.openqa.selenium.NoSuchElementException -->
          <reporter-output>
            <line>
              <![CDATA[Browser Opened]]>
            </line>
          </reporter-output>
        </test-method> <!-- yahooClickSignInTest -->
        <test-method status="PASS" signature="after()[pri:0, instance:com.yahoo.login.tests.yahoologin.YahooLogInTest@1330af4]" name="after" is-config="true" duration-ms="2646" started-at="2016-05-20T21:21:54Z" finished-at="2016-05-20T21:21:57Z">
          <reporter-output>
          </reporter-output>
        </test-method> <!-- after -->
        <test-method status="PASS" signature="stopChromeServiceIfBrowserIsChrome()[pri:0, instance:com.yahoo.login.tests.yahoologin.YahooLogInTest@1330af4]" name="stopChromeServiceIfBrowserIsChrome" is-config="true" duration-ms="0" started-at="2016-05-20T21:21:57Z" finished-at="2016-05-20T21:21:57Z">
          <reporter-output>
          </reporter-output>
        </test-method> <!-- stopChromeServiceIfBrowserIsChrome -->
      </class> <!-- com.yahoo.login.tests.yahoologin.YahooLogInTest -->
    </test> <!-- Default test(failed) -->
  </suite> <!-- Failed suite [Default suite] -->
</testng-results>
